<?xml version="1.0" encoding="UTF-8"?>
<testsuite xmlns:xsi="http://www.w3.org/2001/XMLSchema-instance" xsi:noNamespaceSchemaLocation="https://maven.apache.org/surefire/maven-surefire-plugin/xsd/surefire-test-report.xsd" name="runner.TestRunner" time="99.29" tests="12" errors="0" skipped="0" failures="2">
  <properties>
[...]
</properties>
  <testcase name="Login With Valid Credentials" classname="Login functionality" time="9.031"/>
  <testcase name="Login With Invalid Credentials" classname="Login functionality" time="6.373"/>
  <testcase name="Login With Valid Email and Invalid Password" classname="Login functionality" time="6.64"/>
  <testcase name="Login With Invalid Email and Valid Password" classname="Login functionality" time="8.877"/>
  <testcase name="Login Without Providing any Credentials" classname="Login functionality" time="6.06"/>
  <testcase name="User Creates an Account Only With Mandatory Fields" classname="Registration Functionality" time="11.8">
    <failure message="expected:&lt;[Your Account Has Been Created!]&gt; but was:&lt;[Register Account]&gt;" type="org.junit.ComparisonFailure"><![CDATA[org.junit.ComparisonFailure: expected:<[Your Account Has Been Created!]> but was:<[Register Account]>
]]></failure>
    <system-out><![CDATA[
Scenario: User Creates an Account Only With Mandatory Fields &amp#27;[90m# src/test/resources/features/Register.feature:3&amp#27;[0m
  &amp#27;[32mGiven &amp#27;[0m&amp#27;[32mUser navigate to register account page&amp#27;[0m               &amp#27;[90m# stepdefination.Register.user_navigate_to_register_account_page()&amp#27;[0m
  &amp#27;[32mWhen &amp#27;[0m&amp#27;[32mUser enters the details into below fields&amp#27;[0m             &amp#27;[90m# stepdefination.Register.user_enters_the_details_into_below_fields(io.cucumber.datatable.DataTable)&amp#27;[0m
    | firstName | Nirgun     |
    | lastName  | Bhosle     |
    | telephone | 7410120202 |
    | password  | DADA@4141  |
  &amp#27;[32mAnd &amp#27;[0m&amp#27;[32mUser select privecy policy&amp#27;[0m                             &amp#27;[90m# stepdefination.Register.user_select_privecy_policy()&amp#27;[0m
  &amp#27;[32mAnd &amp#27;[0m&amp#27;[32mUser click on continue button&amp#27;[0m                          &amp#27;[90m# stepdefination.Register.user_click_on_continue_button()&amp#27;[0m
  &amp#27;[31mThen &amp#27;[0m&amp#27;[31mUser account should get created successfully&amp#27;[0m          &amp#27;[90m# stepdefination.Register.user_account_should_get_created_successfully()&amp#27;[0m
      &amp#27;[31morg.junit.ComparisonFailure: expected:<[Your Account Has Been Created!]> but was:<[Register Account]>
	at org.junit.Assert.assertEquals(Assert.java:115)
	at org.junit.Assert.assertEquals(Assert.java:144)
	at stepdefination.Register.user_account_should_get_created_successfully(Register.java:91)
	at âœ½.User account should get created successfully(file:///D:/Guru/Cucumber%20Hybrid%20Project/TutorralNinjaProj/src/test/resources/features/Register.feature:12)
&amp#27;[0m

    Embedding User_Creates_an_Account_Only_With_Mandatory_Fields [image/png 60744 bytes]

]]></system-out>
  </testcase>
  <testcase name="User Creates an Account With All Fields" classname="Registration Functionality" time="10.945">
    <failure message="expected:&lt;[Your Account Has Been Created!]&gt; but was:&lt;[Register Account]&gt;" type="org.junit.ComparisonFailure"><![CDATA[org.junit.ComparisonFailure: expected:<[Your Account Has Been Created!]> but was:<[Register Account]>
]]></failure>
    <system-out><![CDATA[
Scenario: User Creates an Account With All Fields   &amp#27;[90m# src/test/resources/features/Register.feature:14&amp#27;[0m
  &amp#27;[32mGiven &amp#27;[0m&amp#27;[32mUser navigate to register account page&amp#27;[0m      &amp#27;[90m# stepdefination.Register.user_navigate_to_register_account_page()&amp#27;[0m
  &amp#27;[32mWhen &amp#27;[0m&amp#27;[32mUser enters the details into below fields&amp#27;[0m    &amp#27;[90m# stepdefination.Register.user_enters_the_details_into_below_fields(io.cucumber.datatable.DataTable)&amp#27;[0m
    | firstName | Nirgun     |
    | lastName  | Bhosle     |
    | telephone | 7410120202 |
    | password  | DADA@4141  |
  &amp#27;[32mAnd &amp#27;[0m&amp#27;[32mUser select yes for newslatter&amp#27;[0m                &amp#27;[90m# stepdefination.Register.user_select_yes_for_newslatter()&amp#27;[0m
  &amp#27;[32mAnd &amp#27;[0m&amp#27;[32mUser select privecy policy&amp#27;[0m                    &amp#27;[90m# stepdefination.Register.user_select_privecy_policy()&amp#27;[0m
  &amp#27;[32mAnd &amp#27;[0m&amp#27;[32mUser click on continue button&amp#27;[0m                 &amp#27;[90m# stepdefination.Register.user_click_on_continue_button()&amp#27;[0m
  &amp#27;[31mThen &amp#27;[0m&amp#27;[31mUser account should get created successfully&amp#27;[0m &amp#27;[90m# stepdefination.Register.user_account_should_get_created_successfully()&amp#27;[0m
      &amp#27;[31morg.junit.ComparisonFailure: expected:<[Your Account Has Been Created!]> but was:<[Register Account]>
	at org.junit.Assert.assertEquals(Assert.java:115)
	at org.junit.Assert.assertEquals(Assert.java:144)
	at stepdefination.Register.user_account_should_get_created_successfully(Register.java:91)
	at âœ½.User account should get created successfully(file:///D:/Guru/Cucumber%20Hybrid%20Project/TutorralNinjaProj/src/test/resources/features/Register.feature:24)
&amp#27;[0m

    Embedding User_Creates_an_Account_With_All_Fields [image/png 60689 bytes]

]]></system-out>
  </testcase>
  <testcase name="User Creates an Dupicate Account" classname="Registration Functionality" time="7.997"/>
  <testcase name="User Creates an Account Without Filling Any Details" classname="Registration Functionality" time="7.086"/>
  <testcase name="User Search For Valid Product" classname="Search Functionality" time="10.227"/>
  <testcase name="User Search For Inalid Product" classname="Search Functionality" time="3.895"/>
  <testcase name="User Search Without any Product" classname="Search Functionality" time="5.465"/>
</testsuite>